[debug] [2026-03-07T19:33:29.486Z] ----------------------------------------------------------------------
[debug] [2026-03-07T19:33:29.491Z] Command:       C:\Program Files\nodejs\node.exe C:\Users\spart\AppData\Roaming\npm\node_modules\firebase-tools\lib\bin\firebase.js deploy --only firestore:indexes --debug
[debug] [2026-03-07T19:33:29.491Z] CLI Version:   15.8.0
[debug] [2026-03-07T19:33:29.491Z] Platform:      win32
[debug] [2026-03-07T19:33:29.491Z] Node Version:  v25.2.1
[debug] [2026-03-07T19:33:29.492Z] Time:          Sun Mar 08 2026 01:03:29 GMT+0530 (India Standard Time)
[debug] [2026-03-07T19:33:29.492Z] ----------------------------------------------------------------------
[debug] 
[debug] [2026-03-07T19:33:33.309Z] > command requires scopes: ["email","openid","https://www.googleapis.com/auth/cloudplatformprojects.readonly","https://www.googleapis.com/auth/firebase","https://www.googleapis.com/auth/cloud-platform"]
[debug] [2026-03-07T19:33:33.311Z] > authorizing via signed-in user (spartanx496@gmail.com)
[debug] [2026-03-07T19:33:33.312Z] [iam] checking project dypu-connect for permissions ["datastore.indexes.create","datastore.indexes.delete","datastore.indexes.list","datastore.indexes.update","firebase.projects.get"]
[debug] [2026-03-07T19:33:33.314Z] Checked if tokens are valid: true, expires at: 1772915317853
[debug] [2026-03-07T19:33:33.315Z] Checked if tokens are valid: true, expires at: 1772915317853
[debug] [2026-03-07T19:33:33.317Z] >>> [apiv2][query] POST https://cloudresourcemanager.googleapis.com/v1/projects/dypu-connect:testIamPermissions [none]
[debug] [2026-03-07T19:33:33.317Z] >>> [apiv2][(partial)header] POST https://cloudresourcemanager.googleapis.com/v1/projects/dypu-connect:testIamPermissions  x-goog-user-project=dypu-connect
[debug] [2026-03-07T19:33:33.318Z] >>> [apiv2][body] POST https://cloudresourcemanager.googleapis.com/v1/projects/dypu-connect:testIamPermissions {"permissions":["datastore.indexes.create","datastore.indexes.delete","datastore.indexes.list","datastore.indexes.update","firebase.projects.get"]}
[debug] [2026-03-07T19:33:34.989Z] <<< [apiv2][status] POST https://cloudresourcemanager.googleapis.com/v1/projects/dypu-connect:testIamPermissions 200
[debug] [2026-03-07T19:33:34.990Z] <<< [apiv2][body] POST https://cloudresourcemanager.googleapis.com/v1/projects/dypu-connect:testIamPermissions {"permissions":["datastore.indexes.create","datastore.indexes.delete","datastore.indexes.list","datastore.indexes.update","firebase.projects.get"]}
[info] 
[info] === Deploying to 'dypu-connect'...
[info] 
[info] i  deploying firestore 
[info] i  firestore: ensuring required API firestore.googleapis.com is enabled... 
[info] i  firestore: ensuring required API firestore.googleapis.com is enabled... 
[debug] [2026-03-07T19:33:34.997Z] Checked if tokens are valid: true, expires at: 1772915317853
[debug] [2026-03-07T19:33:34.997Z] Checked if tokens are valid: true, expires at: 1772915317853
[debug] [2026-03-07T19:33:34.998Z] >>> [apiv2][query] GET https://firestore.googleapis.com/v1/projects/dypu-connect/databases/(default) [none]
[debug] [2026-03-07T19:33:35.461Z] <<< [apiv2][status] GET https://firestore.googleapis.com/v1/projects/dypu-connect/databases/(default) 200
[debug] [2026-03-07T19:33:35.462Z] <<< [apiv2][body] GET https://firestore.googleapis.com/v1/projects/dypu-connect/databases/(default) {"name":"projects/dypu-connect/databases/(default)","uid":"22e505ba-00b8-4144-a108-90302c6e1d27","createTime":"2026-02-26T15:02:57.974220Z","updateTime":"2026-02-26T15:02:57.974220Z","locationId":"asia-south1","type":"FIRESTORE_NATIVE","concurrencyMode":"PESSIMISTIC","versionRetentionPeriod":"3600s","earliestVersionTime":"2026-03-07T18:33:37.053421Z","appEngineIntegrationMode":"DISABLED","keyPrefix":"j","pointInTimeRecoveryEnablement":"POINT_IN_TIME_RECOVERY_DISABLED","deleteProtectionState":"DELETE_PROTECTION_DISABLED","databaseEdition":"STANDARD","freeTier":true,"realtimeUpdatesMode":"REALTIME_UPDATES_MODE_ENABLED","etag":"IMKp+vfDjpMDMO6Aj6f195ID"}
[info] i  firestore: reading indexes from firestore.indexes.json... 
[info] i  cloud.firestore: checking firestore.rules for compilation errors... 
[debug] [2026-03-07T19:33:35.466Z] Checked if tokens are valid: true, expires at: 1772915317853
[debug] [2026-03-07T19:33:35.467Z] Checked if tokens are valid: true, expires at: 1772915317853
[debug] [2026-03-07T19:33:35.467Z] >>> [apiv2][query] POST https://firebaserules.googleapis.com/v1/projects/dypu-connect:test [none]
[debug] [2026-03-07T19:33:35.468Z] >>> [apiv2][body] POST https://firebaserules.googleapis.com/v1/projects/dypu-connect:test [omitted]
[debug] [2026-03-07T19:33:36.906Z] <<< [apiv2][status] POST https://firebaserules.googleapis.com/v1/projects/dypu-connect:test 200
[debug] [2026-03-07T19:33:36.906Z] <<< [apiv2][body] POST https://firebaserules.googleapis.com/v1/projects/dypu-connect:test {}
[info] +  cloud.firestore: rules file firestore.rules compiled successfully 
[info] i  firestore: deploying indexes... 
[error] 
[error] Error: Must contain "indexes": {"collectionGroup":"public_chat","fieldPath":"expiresAt","ttl":true}
[debug] [2026-03-07T19:33:55.063Z] ----------------------------------------------------------------------
[debug] [2026-03-07T19:33:55.070Z] Command:       C:\Program Files\nodejs\node.exe C:\Users\spart\AppData\Roaming\npm\node_modules\firebase-tools\lib\bin\firebase.js deploy --only firestore:indexes --debug
[debug] [2026-03-07T19:33:55.070Z] CLI Version:   15.8.0
[debug] [2026-03-07T19:33:55.071Z] Platform:      win32
[debug] [2026-03-07T19:33:55.071Z] Node Version:  v25.2.1
[debug] [2026-03-07T19:33:55.071Z] Time:          Sun Mar 08 2026 01:03:55 GMT+0530 (India Standard Time)
[debug] [2026-03-07T19:33:55.072Z] ----------------------------------------------------------------------
[debug] 
[debug] [2026-03-07T19:33:59.847Z] > command requires scopes: ["email","openid","https://www.googleapis.com/auth/cloudplatformprojects.readonly","https://www.googleapis.com/auth/firebase","https://www.googleapis.com/auth/cloud-platform"]
[debug] [2026-03-07T19:33:59.849Z] > authorizing via signed-in user (spartanx496@gmail.com)
[debug] [2026-03-07T19:33:59.850Z] [iam] checking project dypu-connect for permissions ["datastore.indexes.create","datastore.indexes.delete","datastore.indexes.list","datastore.indexes.update","firebase.projects.get"]
[debug] [2026-03-07T19:33:59.853Z] Checked if tokens are valid: true, expires at: 1772915317853
[debug] [2026-03-07T19:33:59.853Z] Checked if tokens are valid: true, expires at: 1772915317853
[debug] [2026-03-07T19:33:59.855Z] >>> [apiv2][query] POST https://cloudresourcemanager.googleapis.com/v1/projects/dypu-connect:testIamPermissions [none]
[debug] [2026-03-07T19:33:59.856Z] >>> [apiv2][(partial)header] POST https://cloudresourcemanager.googleapis.com/v1/projects/dypu-connect:testIamPermissions  x-goog-user-project=dypu-connect
[debug] [2026-03-07T19:33:59.856Z] >>> [apiv2][body] POST https://cloudresourcemanager.googleapis.com/v1/projects/dypu-connect:testIamPermissions {"permissions":["datastore.indexes.create","datastore.indexes.delete","datastore.indexes.list","datastore.indexes.update","firebase.projects.get"]}
[debug] [2026-03-07T19:34:01.562Z] <<< [apiv2][status] POST https://cloudresourcemanager.googleapis.com/v1/projects/dypu-connect:testIamPermissions 200
[debug] [2026-03-07T19:34:01.562Z] <<< [apiv2][body] POST https://cloudresourcemanager.googleapis.com/v1/projects/dypu-connect:testIamPermissions {"permissions":["datastore.indexes.create","datastore.indexes.delete","datastore.indexes.list","datastore.indexes.update","firebase.projects.get"]}
[info] 
[info] === Deploying to 'dypu-connect'...
[info] 
[info] i  deploying firestore 
[info] i  firestore: ensuring required API firestore.googleapis.com is enabled... 
[info] i  firestore: ensuring required API firestore.googleapis.com is enabled... 
[debug] [2026-03-07T19:34:01.569Z] Checked if tokens are valid: true, expires at: 1772915317853
[debug] [2026-03-07T19:34:01.569Z] Checked if tokens are valid: true, expires at: 1772915317853
[debug] [2026-03-07T19:34:01.569Z] >>> [apiv2][query] GET https://firestore.googleapis.com/v1/projects/dypu-connect/databases/(default) [none]
[debug] [2026-03-07T19:34:02.023Z] <<< [apiv2][status] GET https://firestore.googleapis.com/v1/projects/dypu-connect/databases/(default) 200
[debug] [2026-03-07T19:34:02.023Z] <<< [apiv2][body] GET https://firestore.googleapis.com/v1/projects/dypu-connect/databases/(default) {"name":"projects/dypu-connect/databases/(default)","uid":"22e505ba-00b8-4144-a108-90302c6e1d27","createTime":"2026-02-26T15:02:57.974220Z","updateTime":"2026-02-26T15:02:57.974220Z","locationId":"asia-south1","type":"FIRESTORE_NATIVE","concurrencyMode":"PESSIMISTIC","versionRetentionPeriod":"3600s","earliestVersionTime":"2026-03-07T18:34:03.721649Z","appEngineIntegrationMode":"DISABLED","keyPrefix":"j","pointInTimeRecoveryEnablement":"POINT_IN_TIME_RECOVERY_DISABLED","deleteProtectionState":"DELETE_PROTECTION_DISABLED","databaseEdition":"STANDARD","freeTier":true,"realtimeUpdatesMode":"REALTIME_UPDATES_MODE_ENABLED","etag":"IL+B1oTEjpMDMO6Aj6f195ID"}
[info] i  firestore: reading indexes from firestore.indexes.json... 
[info] i  cloud.firestore: checking firestore.rules for compilation errors... 
[debug] [2026-03-07T19:34:02.027Z] Checked if tokens are valid: true, expires at: 1772915317853
[debug] [2026-03-07T19:34:02.027Z] Checked if tokens are valid: true, expires at: 1772915317853
[debug] [2026-03-07T19:34:02.028Z] >>> [apiv2][query] POST https://firebaserules.googleapis.com/v1/projects/dypu-connect:test [none]
[debug] [2026-03-07T19:34:02.028Z] >>> [apiv2][body] POST https://firebaserules.googleapis.com/v1/projects/dypu-connect:test [omitted]
[debug] [2026-03-07T19:34:03.593Z] <<< [apiv2][status] POST https://firebaserules.googleapis.com/v1/projects/dypu-connect:test 200
[debug] [2026-03-07T19:34:03.593Z] <<< [apiv2][body] POST https://firebaserules.googleapis.com/v1/projects/dypu-connect:test {}
[info] +  cloud.firestore: rules file firestore.rules compiled successfully 
[info] i  firestore: deploying indexes... 
[error] 
[error] Error: Must contain "indexes": {"collectionGroup":"public_chat","fieldPath":"expiresAt","ttl":true}
